Using pre-set license
Built from '2020.3/staging' branch; Version is '2020.3.33f1 (915a7af8b0d5) revision 9525882'; Using compiler version '192528614'; Build Type 'Release'
OS: 'Windows 10  (10.0.19045) 64bit Professional' Language: 'en' Physical Memory: 32710 MB
BatchMode: 1, IsHumanControllingUs: 0, StartBugReporterOnCrash: 0, Is64bit: 1, IsPro: 0

COMMAND LINE ARGUMENTS:
C:\Program Files\Unity\Hub\Editor\2020.3.33f1\Editor\Unity.exe
-adb2
-batchMode
-noUpm
-name
AssetImportWorker0
-projectPath
C:/DEV/UnityProjects/Unity3DCrossSectionShader
-logFile
Logs/AssetImportWorker0.log
-srvPort
56858
Successfully changed project path to: C:/DEV/UnityProjects/Unity3DCrossSectionShader
C:/DEV/UnityProjects/Unity3DCrossSectionShader
Using Asset Import Pipeline V2.
Refreshing native plugins compatible for Editor in 57.76 ms, found 2 plugins.
Preloading 0 native plugins for Editor in 0.00 ms.
Initialize engine version: 2020.3.33f1 (915a7af8b0d5)
[Subsystems] Discovering subsystems at path C:/Program Files/Unity/Hub/Editor/2020.3.33f1/Editor/Data/Resources/UnitySubsystems
[Subsystems] Discovering subsystems at path C:/DEV/UnityProjects/Unity3DCrossSectionShader/Assets
GfxDevice: creating device client; threaded=0
Direct3D:
    Version:  Direct3D 11.0 [level 11.1]
    Renderer: NVIDIA GeForce RTX 3080 Ti (ID=0x2208)
    Vendor:   
    VRAM:     12086 MB
    Driver:   31.0.15.5123
Initialize mono
Mono path[0] = 'C:/Program Files/Unity/Hub/Editor/2020.3.33f1/Editor/Data/Managed'
Mono path[1] = 'C:/Program Files/Unity/Hub/Editor/2020.3.33f1/Editor/Data/MonoBleedingEdge/lib/mono/unityjit'
Mono config path = 'C:/Program Files/Unity/Hub/Editor/2020.3.33f1/Editor/Data/MonoBleedingEdge/etc'
Using monoOptions --debugger-agent=transport=dt_socket,embedding=1,server=y,suspend=n,address=127.0.0.1:56660
Begin MonoManager ReloadAssembly
Registering precompiled unity dll's ...
Register platform support module: C:/Program Files/Unity/Hub/Editor/2020.3.33f1/Editor/Data/PlaybackEngines/WindowsStandaloneSupport/UnityEditor.WindowsStandalone.Extensions.dll
Registered in 0.002153 seconds.
Native extension for WindowsStandalone target not found
Refreshing native plugins compatible for Editor in 46.65 ms, found 2 plugins.
Preloading 0 native plugins for Editor in 0.00 ms.
Mono: successfully reloaded assembly
- Completed reload, in  0.510 seconds
Domain Reload Profiling:
	ReloadAssembly (510ms)
		BeginReloadAssembly (59ms)
			ExecutionOrderSort (0ms)
			DisableScriptedObjects (0ms)
			BackupInstance (0ms)
			ReleaseScriptingObjects (0ms)
			CreateAndSetChildDomain (1ms)
		EndReloadAssembly (383ms)
			LoadAssemblies (56ms)
			RebuildTransferFunctionScriptingTraits (0ms)
			SetupTypeCache (119ms)
			ReleaseScriptCaches (0ms)
			RebuildScriptCaches (31ms)
			SetupLoadedEditorAssemblies (152ms)
				LogAssemblyErrors (0ms)
				InitializePlatformSupportModulesInManaged (3ms)
				SetLoadedEditorAssemblies (0ms)
				RefreshPlugins (47ms)
				BeforeProcessingInitializeOnLoad (9ms)
				ProcessInitializeOnLoadAttributes (71ms)
				ProcessInitializeOnLoadMethodAttributes (22ms)
				AfterProcessingInitializeOnLoad (0ms)
				EditorAssembliesLoaded (0ms)
			ExecutionOrderSort2 (0ms)
			AwakeInstancesAfterBackupRestoration (0ms)
Platform modules already initialized, skipping
Registering precompiled user dll's ...
Registered in 0.006062 seconds.
Begin MonoManager ReloadAssembly
Symbol file LoadedFromMemory doesn't match image C:\DEV\UnityProjects\Unity3DCrossSectionShader\Library\PackageCache\com.unity.collab-proxy@1.15.15\Lib\Editor\PlasticSCM\unityplastic.dll
Native extension for WindowsStandalone target not found
Refreshing native plugins compatible for Editor in 0.76 ms, found 2 plugins.
Preloading 0 native plugins for Editor in 0.00 ms.
Mono: successfully reloaded assembly
- Completed reload, in  0.960 seconds
Domain Reload Profiling:
	ReloadAssembly (961ms)
		BeginReloadAssembly (128ms)
			ExecutionOrderSort (0ms)
			DisableScriptedObjects (4ms)
			BackupInstance (0ms)
			ReleaseScriptingObjects (0ms)
			CreateAndSetChildDomain (17ms)
		EndReloadAssembly (774ms)
			LoadAssemblies (87ms)
			RebuildTransferFunctionScriptingTraits (0ms)
			SetupTypeCache (230ms)
			ReleaseScriptCaches (0ms)
			RebuildScriptCaches (49ms)
			SetupLoadedEditorAssemblies (337ms)
				LogAssemblyErrors (0ms)
				InitializePlatformSupportModulesInManaged (4ms)
				SetLoadedEditorAssemblies (0ms)
				RefreshPlugins (1ms)
				BeforeProcessingInitializeOnLoad (102ms)
				ProcessInitializeOnLoadAttributes (166ms)
				ProcessInitializeOnLoadMethodAttributes (56ms)
				AfterProcessingInitializeOnLoad (7ms)
				EditorAssembliesLoaded (0ms)
			ExecutionOrderSort2 (0ms)
			AwakeInstancesAfterBackupRestoration (5ms)
Platform modules already initialized, skipping
========================================================================
Worker process is ready to serve import requests
Launched and connected shader compiler UnityShaderCompiler.exe after 0.04 seconds
Refreshing native plugins compatible for Editor in 0.91 ms, found 2 plugins.
Preloading 0 native plugins for Editor in 0.00 ms.
Unloading 2286 Unused Serialized files (Serialized files now loaded: 0)
System memory in use before: 93.4 MB.
System memory in use after: 93.5 MB.

Unloading 59 unused Assets to reduce memory usage. Loaded Objects now: 2691.
Total: 6.003000 ms (FindLiveObjects: 0.184700 ms CreateObjectMapping: 0.054600 ms MarkObjects: 5.687500 ms  DeleteObjects: 0.075300 ms)

AssetImportParameters requested are different than current active one (requested -> active):
  custom:framework-win-MediaFoundation: 216162199b28c13a410421893ffa2e32 -> 
  custom:video-decoder-ogg-theora: a1e56fd34408186e4bbccfd4996cb3dc -> 
  custom:container-muxer-webm: aa71ff27fc2769a1b78a27578f13a17b -> 
  custom:container-demuxer-webm: 4f35f7cbe854078d1ac9338744f61a02 -> 
  custom:container-demuxer-ogg: 62fdf1f143b41e24485cea50d1cbac27 -> 
  custom:video-encoder-webm-vp8: eb34c28f22e8b96e1ab97ce403110664 -> 
  custom:video-decoder-webm-vp8: 9c59270c3fd7afecdb556c50c9e8de78 -> 
  custom:audio-decoder-ogg-vorbis: bf7c407c2cedff20999df2af8eb42d56 -> 
  custom:audio-encoder-webm-vorbis: bf7c407c2cedff20999df2af8eb42d56 -> 
========================================================================
Received Import Request.
  path: Assets/Cross Section Shader/Shaders/StandardDoubleFace.shader
  artifactKey: Guid(d977badb8d897414181f5093d079766c) Importer(815301076,1909f56bfc062723c751e8b465ee728b)
Start importing Assets/Cross Section Shader/Shaders/StandardDoubleFace.shader using Guid(d977badb8d897414181f5093d079766c) Importer(815301076,1909f56bfc062723c751e8b465ee728b)  -> (artifact id: 'eb2fd4806dd50bf645d4cfed5a463975') in 0.034000 seconds 
========================================================================
Received Import Request.
  Time since last request: 0.000133 seconds.
  path: Assets/Cross Section Shader/Shaders/OnePlaneBSP.shader
  artifactKey: Guid(dfb2ef60de11e934f9e7571d2eb7bf08) Importer(815301076,1909f56bfc062723c751e8b465ee728b)
Start importing Assets/Cross Section Shader/Shaders/OnePlaneBSP.shader using Guid(dfb2ef60de11e934f9e7571d2eb7bf08) Importer(815301076,1909f56bfc062723c751e8b465ee728b)  -> (artifact id: '643e879af4a497587c277de7de38cb6a') in 0.007057 seconds 
========================================================================
Received Import Request.
  Time since last request: 0.000143 seconds.
  path: Assets/Cross Section Shader/Shaders/GenericThreePlanesBSP.shader
  artifactKey: Guid(d148d5478e6a24341b40da3c6a0f9ffa) Importer(815301076,1909f56bfc062723c751e8b465ee728b)
Start importing Assets/Cross Section Shader/Shaders/GenericThreePlanesBSP.shader using Guid(d148d5478e6a24341b40da3c6a0f9ffa) Importer(815301076,1909f56bfc062723c751e8b465ee728b)  -> (artifact id: '6d3d79b67da1749fd45a7f399894a0ef') in 0.006916 seconds 
========================================================================
Received Import Request.
  Time since last request: 0.403886 seconds.
  path: Assets/Cross Section Shader/Shaders/DoubleFaceUnlit.shader
  artifactKey: Guid(54e980e744076634680e4ef4930a2873) Importer(815301076,1909f56bfc062723c751e8b465ee728b)
Start importing Assets/Cross Section Shader/Shaders/DoubleFaceUnlit.shader using Guid(54e980e744076634680e4ef4930a2873) Importer(815301076,1909f56bfc062723c751e8b465ee728b)  -> (artifact id: '27cc571e7217d1b876ffadf40f5e2bc7') in 0.007975 seconds 
========================================================================
Received Import Request.
  Time since last request: 0.809024 seconds.
  path: Assets/Cross Section Shader/Shaders/StincelledUnlitTexture.shader
  artifactKey: Guid(88b9999b87b4fd146a176b8e5bccc481) Importer(815301076,1909f56bfc062723c751e8b465ee728b)
Start importing Assets/Cross Section Shader/Shaders/StincelledUnlitTexture.shader using Guid(88b9999b87b4fd146a176b8e5bccc481) Importer(815301076,1909f56bfc062723c751e8b465ee728b)  -> (artifact id: '2fbf8d0d28b1eb387b186bb00a1122a6') in 0.007269 seconds 
========================================================================
Received Import Request.
  Time since last request: 0.620985 seconds.
  path: Assets/Cross Section Shader/Shaders/ThreeAAPlanesBSP.shader
  artifactKey: Guid(b42f1ab5d8353214ab7616620a82e483) Importer(815301076,1909f56bfc062723c751e8b465ee728b)
Start importing Assets/Cross Section Shader/Shaders/ThreeAAPlanesBSP.shader using Guid(b42f1ab5d8353214ab7616620a82e483) Importer(815301076,1909f56bfc062723c751e8b465ee728b)  -> (artifact id: '2783e0b6c9cb89956fa8b2478008512d') in 0.007362 seconds 
========================================================================
Received Import Request.
  Time since last request: 4.818650 seconds.
  path: Assets/Cross Section Shader/Examples/2.unity
  artifactKey: Guid(79ca8e8ec17a95047971744665076ea1) Importer(815301076,1909f56bfc062723c751e8b465ee728b)
Start importing Assets/Cross Section Shader/Examples/2.unity using Guid(79ca8e8ec17a95047971744665076ea1) Importer(815301076,1909f56bfc062723c751e8b465ee728b)  -> (artifact id: '2e9da844d3500a1874383ffae59a4196') in 0.007631 seconds 
========================================================================
Received Import Request.
  Time since last request: 55.774594 seconds.
  path: Assets/Cross Section Shader/Scripts/OnePlaneCuttingController.cs
  artifactKey: Guid(c677c933585d0ee4dbfe7483ac9f8c84) Importer(815301076,1909f56bfc062723c751e8b465ee728b)
Start importing Assets/Cross Section Shader/Scripts/OnePlaneCuttingController.cs using Guid(c677c933585d0ee4dbfe7483ac9f8c84) Importer(815301076,1909f56bfc062723c751e8b465ee728b)  -> (artifact id: '78aac151cdffde4d25bd989338de4e89') in 0.010674 seconds 
========================================================================
Received Prepare
Registering precompiled user dll's ...
Registered in 0.006240 seconds.
Begin MonoManager ReloadAssembly
Symbol file LoadedFromMemory doesn't match image C:\DEV\UnityProjects\Unity3DCrossSectionShader\Library\PackageCache\com.unity.collab-proxy@1.15.15\Lib\Editor\PlasticSCM\unityplastic.dll
Native extension for WindowsStandalone target not found
Refreshing native plugins compatible for Editor in 0.70 ms, found 2 plugins.
Preloading 0 native plugins for Editor in 0.00 ms.
Mono: successfully reloaded assembly
- Completed reload, in  0.913 seconds
Domain Reload Profiling:
	ReloadAssembly (913ms)
		BeginReloadAssembly (107ms)
			ExecutionOrderSort (0ms)
			DisableScriptedObjects (5ms)
			BackupInstance (0ms)
			ReleaseScriptingObjects (0ms)
			CreateAndSetChildDomain (30ms)
		EndReloadAssembly (745ms)
			LoadAssemblies (88ms)
			RebuildTransferFunctionScriptingTraits (0ms)
			SetupTypeCache (236ms)
			ReleaseScriptCaches (1ms)
			RebuildScriptCaches (42ms)
			SetupLoadedEditorAssemblies (305ms)
				LogAssemblyErrors (0ms)
				InitializePlatformSupportModulesInManaged (4ms)
				SetLoadedEditorAssemblies (0ms)
				RefreshPlugins (1ms)
				BeforeProcessingInitializeOnLoad (88ms)
				ProcessInitializeOnLoadAttributes (151ms)
				ProcessInitializeOnLoadMethodAttributes (53ms)
				AfterProcessingInitializeOnLoad (7ms)
				EditorAssembliesLoaded (0ms)
			ExecutionOrderSort2 (0ms)
			AwakeInstancesAfterBackupRestoration (5ms)
Platform modules already initialized, skipping
Refreshing native plugins compatible for Editor in 0.67 ms, found 2 plugins.
Preloading 0 native plugins for Editor in 0.00 ms.
Unloading 2274 Unused Serialized files (Serialized files now loaded: 0)
System memory in use before: 92.8 MB.
System memory in use after: 93.0 MB.

Unloading 50 unused Assets to reduce memory usage. Loaded Objects now: 2694.
Total: 5.796400 ms (FindLiveObjects: 0.209300 ms CreateObjectMapping: 0.056600 ms MarkObjects: 5.499200 ms  DeleteObjects: 0.030300 ms)

AssetImportParameters requested are different than current active one (requested -> active):
  custom:framework-win-MediaFoundation: 216162199b28c13a410421893ffa2e32 -> 
  custom:video-decoder-ogg-theora: a1e56fd34408186e4bbccfd4996cb3dc -> 
  custom:container-muxer-webm: aa71ff27fc2769a1b78a27578f13a17b -> 
  custom:container-demuxer-webm: 4f35f7cbe854078d1ac9338744f61a02 -> 
  custom:container-demuxer-ogg: 62fdf1f143b41e24485cea50d1cbac27 -> 
  custom:video-encoder-webm-vp8: eb34c28f22e8b96e1ab97ce403110664 -> 
  custom:video-decoder-webm-vp8: 9c59270c3fd7afecdb556c50c9e8de78 -> 
  custom:audio-decoder-ogg-vorbis: bf7c407c2cedff20999df2af8eb42d56 -> 
  custom:audio-encoder-webm-vorbis: bf7c407c2cedff20999df2af8eb42d56 -> 
